
binary_tree: system execution failed.
Following is the set of recorded exceptions:

-------------------------------------------------------------------------------
Class / Object      Routine                Nature of exception           Effect
-------------------------------------------------------------------------------
BINARYTREE          attached_node @1                                    
<000000C60FB8E5E8>                         Assertion violated.           Fail
-------------------------------------------------------------------------------
BINARYTREE          attached_node @1                                    
<000000C60FB8E5E8>                         Routine failure.              Fail
-------------------------------------------------------------------------------
BINARYTREE          delete @8                                           
<000000C60FB8E5E8>                         Routine failure.              Fail
-------------------------------------------------------------------------------
APPLICATION         make @9                                             
<000000C60FB8E5A8>                         Routine failure.              Fail
-------------------------------------------------------------------------------
APPLICATION         root's creation                                     
<000000C60FB8E5A8>                         Routine failure.              Exit
-------------------------------------------------------------------------------

binary_tree: system execution failed.
Following is the set of recorded exceptions:

-------------------------------------------------------------------------------
Class / Object      Routine                Nature of exception           Effect
-------------------------------------------------------------------------------
AVL_TREE            get_root @1            tree_not_empty:              
<0000008B91958308>                         Precondition violated.        Fail
-------------------------------------------------------------------------------
AVL_TREE            delete @5                                           
<0000008B91958308>                         Routine failure.              Fail
-------------------------------------------------------------------------------
APPLICATION         make @36                                            
<0000008B919575A8>                         Routine failure.              Fail
-------------------------------------------------------------------------------
APPLICATION         root's creation                                     
<0000008B919575A8>                         Routine failure.              Exit
-------------------------------------------------------------------------------
